
                      _____ ____  _____  ______  _____                          
                     / ____/ __ \|  __ \|  ____|/ ____|                         
                    | |   | |  | | |__) | |__  | (___                           
                    | |   | |  | |  ___/|  __|  \___ \                          
                    | |___| |__| | |    | |____ ____) |                         
                     \_____\___\_\_|    |______|_____/                          

               CQPES: ChongQing Potential Energy Surface (legacy)               

                                    PREPARE                                     
================================================================================
    - Input xyz file: /home/jhli/CQPES-legacy/rawdata/CH4.xyz
    - Input energy file: /home/jhli/CQPES-legacy/rawdata/CH4_CCSD-T.dat
--------------------------------------------------------------------------------
    - Number of molecules: 97217
    - Number of energy: 97217
--------------------------------------------------------------------------------
    - Number of atoms: 5
    - Length of PIP: 83
    - Reference energy: -40.45088801 (Hartree)
    - Potential energy range: 0.00 ~ 6.24 (eV)
--------------------------------------------------------------------------------
    - Output directory: /home/jhli/CQPES-legacy/data
================================================================================
